<?xml version="1.0" encoding="UTF-8"?>
<!-- Generated by org.testng.reporters.JUnitReportReporter -->
<testsuite hostname="DESKTOP-8DNRIMP" failures="0" tests="1" name="Dollibar.AddProducts" time="41.124" errors="0" timestamp="17 Mar 2025 12:53:47 GMT" skipped="0">
  <testcase classname="Dollibar.AddProducts" name="BillOfMaterial" time="41.124"/>
</testsuite> <!-- Dollibar.AddProducts -->
