<?xml version="1.0" encoding="UTF-8"?>
<!-- Generated by org.testng.reporters.JUnitReportReporter -->
<testsuite hostname="DESKTOP-8DNRIMP" failures="0" tests="1" name="create_new_member_test" time="24.097" errors="0" timestamp="12 Mar 2025 04:27:58 GMT" skipped="0">
  <testcase classname="create_new_member_test" name="createNewMemberTest" time="24.097"/>
</testsuite> <!-- create_new_member_test -->
