<?xml version="1.0" encoding="UTF-8"?>
<!-- Generated by org.testng.reporters.JUnitReportReporter -->
<testsuite hostname="DESKTOP-8DNRIMP" failures="0" tests="1" name="Create_New_Membertest" time="14.625" errors="0" timestamp="11 Mar 2025 12:39:05 GMT" skipped="0">
  <testcase classname="Create_New_Membertest" name="createNewMemberTest" time="14.625"/>
</testsuite> <!-- Create_New_Membertest -->
