<?xml version="1.0" encoding="UTF-8"?>
<!-- Generated by org.testng.reporters.JUnitReportReporter -->
<testsuite hostname="DESKTOP-8DNRIMP" failures="0" tests="1" name="Dollibar.Hellotest" time="8.807" errors="0" timestamp="12 Mar 2025 09:30:58 GMT" skipped="0">
  <testcase classname="Dollibar.Hellotest" name="ucontactaddresstest" time="8.807"/>
</testsuite> <!-- Dollibar.Hellotest -->
