<?xml version="1.0" encoding="UTF-8"?>
<!-- Generated by org.testng.reporters.JUnitReportReporter -->
<testsuite hostname="DESKTOP-8DNRIMP" failures="0" tests="1" name="Dollibar.sample222222" time="22.221" errors="0" timestamp="14 Mar 2025 09:39:35 GMT" skipped="0">
  <testcase classname="Dollibar.sample222222" name="sample" time="22.221"/>
</testsuite> <!-- Dollibar.sample222222 -->
