<?xml version="1.0" encoding="UTF-8"?>
<!-- Generated by org.testng.reporters.JUnitReportReporter -->
<testsuite hostname="DESKTOP-8DNRIMP" failures="0" tests="1" name="Dollibar.Create_Third_PartyTest" time="9.838" errors="0" timestamp="12 Mar 2025 09:27:52 GMT" skipped="0">
  <testcase classname="Dollibar.Create_Third_PartyTest" name="contactaddresstest" time="9.838"/>
</testsuite> <!-- Dollibar.Create_Third_PartyTest -->
