<?xml version="1.0" encoding="UTF-8"?>
<!-- Generated by org.testng.reporters.JUnitReportReporter -->
<testsuite hostname="DESKTOP-8DNRIMP" failures="0" tests="1" name="Create_New_Member" time="6.923" errors="0" timestamp="28 Feb 2025 04:30:26 GMT" skipped="0">
  <testcase classname="Create_New_Member" name="createNewMemberTest" time="6.923"/>
</testsuite> <!-- Create_New_Member -->
