<?xml version="1.0" encoding="UTF-8"?>
<!-- Generated by org.testng.reporters.JUnitReportReporter -->
<testsuite hostname="DESKTOP-8DNRIMP" failures="0" tests="1" name="Dollibar.CreateEmployeeTest" time="19.322" errors="0" timestamp="15 Mar 2025 13:45:05 GMT" skipped="0">
  <testcase classname="Dollibar.CreateEmployeeTest" name="applyforleaveTest" time="19.322"/>
</testsuite> <!-- Dollibar.CreateEmployeeTest -->
