<?xml version="1.0" encoding="UTF-8"?>
<!-- Generated by org.testng.reporters.JUnitReportReporter -->
<testsuite hostname="DESKTOP-8DNRIMP" failures="0" tests="1" name="MiscellaneousConcepts.Redbus" time="28.208" errors="0" timestamp="19 Mar 2025 12:55:06 GMT" skipped="0">
  <testcase classname="MiscellaneousConcepts.Redbus" name="redbustest" time="28.208"/>
</testsuite> <!-- MiscellaneousConcepts.Redbus -->
