<?xml version="1.0" encoding="UTF-8"?>
<!-- Generated by org.testng.reporters.JUnitReportReporter -->
<testsuite hostname="DESKTOP-8DNRIMP" failures="0" tests="1" name="XPathAssignments.amazon" time="37.244" errors="0" timestamp="19 Mar 2025 12:00:52 GMT" skipped="0">
  <testcase classname="XPathAssignments.amazon" name="amazontest" time="37.244"/>
</testsuite> <!-- XPathAssignments.amazon -->
